1683656641891	geckodriver	INFO	Listening on 127.0.0.1:42657
1683656642361	mozrunner::runner	INFO	Running command: "/snap/firefox/current/firefox.launcher" "--marionette" "--remote-debugging-port" "37893" "--remote-allow-hosts" "localhost" "-no-remote" "-profile" "/tmp/rust_mozprofileBQ4vRp"
Gtk-Message: 23:54:02.392: Not loading module "atk-bridge": The functionality is provided by GTK natively. Please try to not load it.
console.warn: services.settings: Ignoring preference override of remote settings server
console.warn: services.settings: Allow by setting MOZ_REMOTE_SETTINGS_DEVTOOLS=1 in the environment
ATTENTION: default value of option mesa_glthread overridden by environment.
ATTENTION: default value of option mesa_glthread overridden by environment.
1683656643168	Marionette	INFO	Marionette enabled
1683656643171	Marionette	INFO	Listening on port 40855
ATTENTION: default value of option mesa_glthread overridden by environment.
Read port: 40855
WebDriver BiDi listening on ws://127.0.0.1:37893
1683656643370	RemoteAgent	WARN	TLS certificate errors will be ignored for this session
console.error: ({})
console.warn: SearchSettings: "get: No settings file exists, new profile?" (new NotFoundError("Could not open the file at /tmp/rust_mozprofileBQ4vRp/search.json.mozlz4", (void 0)))
[ERROR glean_core] Error setting metrics feature config: Json(Error("EOF while parsing a value", line: 1, column: 0))
DevTools listening on ws://127.0.0.1:37893/devtools/browser/0899dc5b-689c-45db-85c1-692276ff96cd
JavaScript warning: https://www.redditstatic.com/accountmanager/login.0ee3528fdecf21554966.js, line 1: unreachable code after return statement
console.warn: LoginRecipes: "Falling back to a synchronous message for: https://www.reddit.com."
console.warn: LoginRecipes: "Falling back to a synchronous message for: https://www.reddit.com."
JavaScript warning: https://www.redditstatic.com/accountmanager/ssoOneTap.c29e1df213f970a80172.js, line 1: unreachable code after return statement
JavaScript error: https://www.redditstatic.com/desktop2x/runtime~Reddit.980cc79e6137de7d5355.js, line 1: ChunkLoadError: Loading chunk FrontpageLinks failed.
(error: https://www.redditstatic.com/desktop2x/FrontpageLinks.31a3a1a1579ecc5a7d0c.js)
JavaScript warning: https://www.redditstatic.com/accountmanager/ssoOneTap.c29e1df213f970a80172.js, line 1: unreachable code after return statement
JavaScript error: , line 0: TypeError: error loading dynamically imported module
JavaScript error: https://www.redditstatic.com/desktop2x/runtime~Reddit.980cc79e6137de7d5355.js, line 1: Error: Loading CSS chunk NotificationsPrePromptLoader failed.
(https://www.redditstatic.com/desktop2x/chunkCSS/NotificationsPrePromptLoader.eaac3ad75475ae213bf0_.css)
JavaScript error: , line 0: TypeError: error loading dynamically imported module
ALSA lib conf.c:4120:(snd_config_update_r) Cannot access file /usr/share/alsa/alsa.conf
ALSA lib seq.c:935:(snd_seq_open_noupdate) Unknown SEQ default
JavaScript warning: https://www.redditstatic.com/accountmanager/ssoOneTap.c29e1df213f970a80172.js, line 1: unreachable code after return statement
1683656665527	Marionette	INFO	Stopped listening on port 40855
ALSA lib conf.c:4120:(snd_config_update_r) Cannot access file /usr/share/alsa/alsa.conf
ALSA lib seq.c:935:(snd_seq_open_noupdate) Unknown SEQ default
